<?xml version="1.0" encoding="UTF-8"?>
<!-- Generated by org.testng.reporters.JUnitReportReporter -->
<testsuite skipped="3" hostname="DESKTOP-7PESHKB" name="modules.OrderTest_1" tests="4" failures="0" timestamp="06 Oct 2017 09:03:01 GMT" time="0.000" errors="1">
  <testcase name="order021_EditDeliveryInfo" time="0.000" classname="modules.OrderTest_1">
    <skipped/>
  </testcase> <!-- order021_EditDeliveryInfo -->
  <testcase name="order020_InsertDeliveryInfo" time="0.000" classname="modules.OrderTest_1">
    <skipped/>
  </testcase> <!-- order020_InsertDeliveryInfo -->
  <testcase name="order019_OrderFood" time="0.000" classname="modules.OrderTest_1">
    <skipped/>
  </testcase> <!-- order019_OrderFood -->
  <testcase name="setUp" time="0.000" classname="modules.OrderTest_1">
    <error type="org.testng.TestNGException" message="
Parameter &#039;URL&#039; is required by BeforeClass on method setUp but has not been marked @Optional or defined
in F:\Project\NowDelivery\src\configuration\ssosuite.xml">
      <![CDATA[org.testng.TestNGException: 
Parameter 'URL' is required by BeforeClass on method setUp but has not been marked @Optional or defined
in F:\Project\NowDelivery\src\configuration\ssosuite.xml
	at org.testng.internal.Parameters.createParams(Parameters.java:248)
	at org.testng.internal.Parameters.createParametersForMethod(Parameters.java:286)
	at org.testng.internal.Parameters.createParameters(Parameters.java:547)
	at org.testng.internal.Parameters.createConfigurationParameters(Parameters.java:150)
	at org.testng.internal.Invoker.invokeConfigurations(Invoker.java:206)
	at org.testng.internal.Invoker.invokeConfigurations(Invoker.java:146)
	at org.testng.internal.TestMethodWorker.invokeBeforeClassMethods(TestMethodWorker.java:165)
	at org.testng.internal.TestMethodWorker.run(TestMethodWorker.java:105)
	at org.testng.TestRunner.privateRun(TestRunner.java:776)
	at org.testng.TestRunner.run(TestRunner.java:634)
	at org.testng.SuiteRunner.runTest(SuiteRunner.java:425)
	at org.testng.SuiteRunner.runSequentially(SuiteRunner.java:420)
	at org.testng.SuiteRunner.privateRun(SuiteRunner.java:385)
	at org.testng.SuiteRunner.run(SuiteRunner.java:334)
	at org.testng.SuiteRunnerWorker.runSuite(SuiteRunnerWorker.java:52)
	at org.testng.SuiteRunnerWorker.run(SuiteRunnerWorker.java:86)
	at org.testng.TestNG.runSuitesSequentially(TestNG.java:1318)
	at org.testng.TestNG.runSuitesLocally(TestNG.java:1243)
	at org.testng.TestNG.runSuites(TestNG.java:1161)
	at org.testng.TestNG.run(TestNG.java:1129)
	at org.testng.remote.AbstractRemoteTestNG.run(AbstractRemoteTestNG.java:114)
	at org.testng.remote.RemoteTestNG.initAndRun(RemoteTestNG.java:251)
	at org.testng.remote.RemoteTestNG.main(RemoteTestNG.java:77)
]]>
    </error>
  </testcase> <!-- setUp -->
</testsuite> <!-- modules.OrderTest_1 -->
